2025-12-15T20:01:59.743669 Starting worker TCP server on 127.0.0.1:9000
2025-12-15T20:01:59.746671 Starting monitor HTTP server on 127.0.0.1:8000
2025-12-15T20:06:27.669927 Handler error: Extra data: line 1 column 40 (char 39)
2025-12-15T20:06:40.935838 Handler error: Extra data: line 1 column 40 (char 39)
2025-12-15T20:07:08.565150 Handler error: Extra data: line 1 column 40 (char 39)
2025-12-15T20:12:07.427958 Handler error: Extra data: line 1 column 40 (char 39)
2025-12-15T20:12:07.427958 Handler error: Extra data: line 1 column 40 (char 39)
2025-12-15T20:12:07.429967 Handler error: Extra data: line 1 column 40 (char 39)
2025-12-15T20:12:07.429967 Handler error: Extra data: line 1 column 40 (char 39)
2025-12-15T20:12:07.429967 Handler error: Extra data: line 1 column 40 (char 39)
2025-12-15T20:12:07.429967 Handler error: Extra data: line 1 column 40 (char 39)
2025-12-15T20:12:07.433660 Handler error: Extra data: line 1 column 40 (char 39)
2025-12-15T20:12:07.448122 Handler error: Extra data: line 1 column 40 (char 39)
2025-12-15T20:12:07.450132 Handler error: Extra data: line 1 column 40 (char 39)
2025-12-15T20:12:07.450132 Handler error: Extra data: line 1 column 40 (char 39)
2025-12-15T20:12:07.452149 Handler error: Extra data: line 1 column 41 (char 40)
2025-12-15T20:12:07.456172 Handler error: Extra data: line 1 column 41 (char 40)
2025-12-15T20:12:07.458183 Handler error: Extra data: line 1 column 41 (char 40)
2025-12-15T20:12:07.464444 Handler error: Extra data: line 1 column 41 (char 40)
2025-12-15T20:12:07.470212 Handler error: Extra data: line 1 column 41 (char 40)
2025-12-15T20:12:07.470212 Handler error: Extra data: line 1 column 41 (char 40)
2025-12-15T20:12:07.472223 Handler error: Extra data: line 1 column 41 (char 40)
2025-12-15T20:12:07.472223 Handler error: Extra data: line 1 column 40 (char 39)
2025-12-15T20:12:07.474234 Handler error: Extra data: line 1 column 41 (char 40)
2025-12-15T20:12:07.476245 Handler error: Extra data: line 1 column 41 (char 40)
2025-12-15T20:12:07.478258 Handler error: Extra data: line 1 column 41 (char 40)
2025-12-15T20:12:07.480271 Handler error: Extra data: line 1 column 40 (char 39)
2025-12-15T20:12:07.482641 Handler error: Extra data: line 1 column 41 (char 40)
2025-12-15T20:12:07.490697 Handler error: Extra data: line 1 column 41 (char 40)
2025-12-15T20:12:07.492708 Handler error: Extra data: line 1 column 40 (char 39)
2025-12-15T20:12:07.494717 Handler error: Extra data: line 1 column 41 (char 40)
2025-12-15T20:12:07.494717 Handler error: Extra data: line 1 column 40 (char 39)
2025-12-15T20:12:07.494717 Handler error: Extra data: line 1 column 40 (char 39)
2025-12-15T20:12:07.499085 Handler error: Extra data: line 1 column 41 (char 40)
2025-12-15T20:12:07.501096 Handler error: Extra data: line 1 column 41 (char 40)
2025-12-15T20:12:07.501096 Handler error: Extra data: line 1 column 40 (char 39)
2025-12-15T20:12:07.501096 Handler error: Extra data: line 1 column 41 (char 40)
2025-12-15T20:12:07.504605 Handler error: Extra data: line 1 column 41 (char 40)
2025-12-15T20:12:07.504605 Handler error: Extra data: line 1 column 41 (char 40)
2025-12-15T20:12:07.504605 Handler error: Extra data: line 1 column 41 (char 40)
2025-12-15T20:12:07.507557 Handler error: Extra data: line 1 column 41 (char 40)
2025-12-15T20:12:07.509805 Handler error: Extra data: line 1 column 41 (char 40)
2025-12-15T20:12:07.515723 Handler error: Extra data: line 1 column 41 (char 40)
2025-12-15T20:12:07.517731 Handler error: Extra data: line 1 column 41 (char 40)
2025-12-15T20:12:07.523761 Handler error: Extra data: line 1 column 41 (char 40)
2025-12-15T20:12:07.527781 Handler error: Extra data: line 1 column 41 (char 40)
2025-12-15T20:12:07.529793 Handler error: Extra data: line 1 column 41 (char 40)
2025-12-15T20:12:07.531803 Handler error: Extra data: line 1 column 40 (char 39)
2025-12-15T20:12:07.533812 Handler error: Extra data: line 1 column 40 (char 39)
2025-12-15T20:12:07.533812 Handler error: Extra data: line 1 column 40 (char 39)
2025-12-15T20:12:07.536419 Handler error: Extra data: line 1 column 41 (char 40)
2025-12-15T20:12:07.536419 Handler error: Extra data: line 1 column 40 (char 39)
2025-12-15T20:12:07.538438 Handler error: Extra data: line 1 column 41 (char 40)
2025-12-15T20:12:07.538438 Handler error: Extra data: line 1 column 41 (char 40)
2025-12-15T20:12:07.540192 Handler error: Extra data: line 1 column 41 (char 40)
2025-12-15T20:12:07.540192 Handler error: Extra data: line 1 column 40 (char 39)
2025-12-15T20:12:07.542204 Handler error: Extra data: line 1 column 41 (char 40)
2025-12-15T20:12:07.542204 Handler error: Extra data: line 1 column 41 (char 40)
2025-12-15T20:12:07.544215 Handler error: Extra data: line 1 column 41 (char 40)
2025-12-15T20:12:07.544215 Handler error: Extra data: line 1 column 40 (char 39)
2025-12-15T20:12:07.546229 Handler error: Extra data: line 1 column 40 (char 39)
2025-12-15T20:12:07.550253 Handler error: Extra data: line 1 column 41 (char 40)
2025-12-15T20:12:07.552270 Handler error: Extra data: line 1 column 41 (char 40)
2025-12-15T20:12:07.556293 Handler error: Extra data: line 1 column 41 (char 40)
2025-12-15T20:12:07.556293 Handler error: Extra data: line 1 column 41 (char 40)
2025-12-15T20:12:07.559279 Handler error: Extra data: line 1 column 41 (char 40)
2025-12-15T20:12:07.574382 Handler error: Extra data: line 1 column 40 (char 39)
2025-12-15T20:12:07.599057 Handler error: Extra data: line 1 column 40 (char 39)
2025-12-15T20:12:07.606846 Handler error: Extra data: line 1 column 40 (char 39)
2025-12-15T20:12:07.606846 Handler error: Extra data: line 1 column 40 (char 39)
2025-12-15T20:12:07.608861 Handler error: Extra data: line 1 column 41 (char 40)
2025-12-15T20:12:07.610875 Handler error: Extra data: line 1 column 41 (char 40)
2025-12-15T20:12:07.612888 Handler error: Extra data: line 1 column 41 (char 40)
2025-12-15T20:12:07.618923 Handler error: Extra data: line 1 column 41 (char 40)
2025-12-15T20:12:07.624967 Handler error: Extra data: line 1 column 41 (char 40)
2025-12-15T20:12:07.630999 Handler error: Extra data: line 1 column 41 (char 40)
2025-12-15T20:12:07.637036 Handler error: Extra data: line 1 column 40 (char 39)
2025-12-15T20:12:07.641069 Handler error: Extra data: line 1 column 41 (char 40)
2025-12-15T20:12:07.643085 Handler error: Extra data: line 1 column 41 (char 40)
2025-12-15T20:12:07.647114 Handler error: Extra data: line 1 column 41 (char 40)
2025-12-15T20:12:07.653160 Handler error: Extra data: line 1 column 41 (char 40)
2025-12-15T20:12:07.653160 Handler error: Extra data: line 1 column 41 (char 40)
2025-12-15T20:12:07.653160 Handler error: Extra data: line 1 column 40 (char 39)
2025-12-15T20:12:07.653160 Handler error: Extra data: line 1 column 41 (char 40)
2025-12-15T20:12:07.657405 Handler error: Extra data: line 1 column 41 (char 40)
2025-12-15T20:12:07.659418 Handler error: Extra data: line 1 column 41 (char 40)
2025-12-15T20:12:07.661429 Handler error: Extra data: line 1 column 40 (char 39)
2025-12-15T20:12:07.662441 Handler error: Extra data: line 1 column 41 (char 40)
2025-12-15T20:12:07.662441 Handler error: Extra data: line 1 column 41 (char 40)
2025-12-15T20:12:07.662441 Handler error: Extra data: line 1 column 41 (char 40)
2025-12-15T20:12:07.665630 Handler error: Extra data: line 1 column 41 (char 40)
2025-12-15T20:12:07.665630 Handler error: Extra data: line 1 column 41 (char 40)
2025-12-15T20:12:07.665630 Received PUT rand_70.txt size=517 from ('127.0.0.1', 32464)
2025-12-15T20:12:07.668747 Handler error: Extra data: line 1 column 42 (char 41)
2025-12-15T20:12:07.669757 Handler error: Extra data: line 1 column 41 (char 40)
2025-12-15T20:12:07.669757 Handler error: Extra data: line 1 column 41 (char 40)
2025-12-15T20:12:07.669757 Handler error: Extra data: line 1 column 41 (char 40)
2025-12-15T20:12:07.669757 Handler error: Extra data: line 1 column 41 (char 40)
2025-12-15T20:12:07.669757 Handler error: Extra data: line 1 column 41 (char 40)
2025-12-15T20:12:07.669757 Handler error: Extra data: line 1 column 42 (char 41)
2025-12-15T20:12:07.669757 Handler error: Extra data: line 1 column 41 (char 40)
2025-12-15T20:12:07.669757 Handler error: Extra data: line 1 column 42 (char 41)
2025-12-15T20:12:07.669757 Handler error: Extra data: line 1 column 42 (char 41)
2025-12-15T20:12:07.678164 Handler error: Extra data: line 1 column 42 (char 41)
2025-12-15T20:12:07.680176 Handler error: Extra data: line 1 column 42 (char 41)
2025-12-15T20:12:07.682191 Handler error: Extra data: line 1 column 41 (char 40)
2025-12-15T20:12:07.684205 Handler error: Extra data: line 1 column 42 (char 41)
2025-12-15T20:12:07.684205 Handler error: Extra data: line 1 column 41 (char 40)
2025-12-15T20:12:07.688234 Handler error: Extra data: line 1 column 41 (char 40)
2025-12-15T20:12:07.694286 Handler error: Extra data: line 1 column 42 (char 41)
2025-12-15T20:12:07.694286 Handler error: Extra data: line 1 column 42 (char 41)
2025-12-15T20:12:07.694286 Handler error: Extra data: line 1 column 42 (char 41)
2025-12-15T20:12:07.694286 Handler error: Extra data: line 1 column 41 (char 40)
2025-12-15T20:12:07.694286 Handler error: Extra data: line 1 column 42 (char 41)
2025-12-15T20:12:07.702588 Handler error: Extra data: line 1 column 42 (char 41)
2025-12-15T20:12:07.704598 Handler error: Extra data: line 1 column 42 (char 41)
2025-12-15T20:12:07.706476 Handler error: Extra data: line 1 column 42 (char 41)
2025-12-15T20:12:07.708493 Handler error: Extra data: line 1 column 41 (char 40)
2025-12-15T20:12:07.712521 Handler error: Extra data: line 1 column 42 (char 41)
2025-12-15T20:12:07.714536 Handler error: Extra data: line 1 column 42 (char 41)
2025-12-15T20:12:07.702588 Handler error: Extra data: line 1 column 42 (char 41)
2025-12-15T20:12:07.718571 Handler error: Extra data: line 1 column 42 (char 41)
2025-12-15T20:12:07.724632 Handler error: Extra data: line 1 column 42 (char 41)
2025-12-15T20:12:07.724632 Handler error: Extra data: line 1 column 42 (char 41)
2025-12-15T20:12:07.726646 Handler error: Extra data: line 1 column 42 (char 41)
2025-12-15T20:12:07.726646 Handler error: Extra data: line 1 column 42 (char 41)
2025-12-15T20:12:07.728554 Handler error: Extra data: line 1 column 41 (char 40)
2025-12-15T20:12:07.728554 Handler error: Extra data: line 1 column 42 (char 41)
2025-12-15T20:12:07.730571 Handler error: Extra data: line 1 column 42 (char 41)
2025-12-15T20:12:07.730571 Handler error: Extra data: line 1 column 42 (char 41)
2025-12-15T20:12:07.730571 Handler error: Extra data: line 1 column 41 (char 40)
2025-12-15T20:12:07.733196 Handler error: Extra data: line 1 column 42 (char 41)
2025-12-15T20:12:07.734933 Handler error: Extra data: line 1 column 42 (char 41)
2025-12-15T20:12:07.734933 Handler error: Extra data: line 1 column 42 (char 41)
2025-12-15T20:12:07.737365 Handler error: Extra data: line 1 column 42 (char 41)
2025-12-15T20:12:07.737365 Handler error: Extra data: line 1 column 42 (char 41)
2025-12-15T20:12:07.739376 Handler error: Extra data: line 1 column 42 (char 41)
2025-12-15T20:12:07.739376 Handler error: Extra data: line 1 column 42 (char 41)
2025-12-15T20:12:07.741401 Handler error: Extra data: line 1 column 42 (char 41)
2025-12-15T20:12:07.743142 Handler error: Extra data: line 1 column 42 (char 41)
2025-12-15T20:12:07.743142 Handler error: Extra data: line 1 column 42 (char 41)
2025-12-15T20:12:07.745886 Handler error: Extra data: line 1 column 42 (char 41)
2025-12-15T20:12:07.747898 Handler error: Extra data: line 1 column 42 (char 41)
2025-12-15T20:12:07.747898 Handler error: Extra data: line 1 column 42 (char 41)
2025-12-15T20:12:07.747898 Handler error: Extra data: line 1 column 42 (char 41)
2025-12-15T20:12:07.751154 Handler error: Extra data: line 1 column 42 (char 41)
2025-12-15T20:12:07.751154 Handler error: Extra data: line 1 column 42 (char 41)
2025-12-15T20:12:07.755189 Received PUT rand_148.txt size=11 from ('127.0.0.1', 32520)
2025-12-15T20:12:07.757620 Handler error: Extra data: line 1 column 42 (char 41)
2025-12-15T20:12:07.757620 Handler error: Extra data: line 1 column 42 (char 41)
2025-12-15T20:12:07.760483 Handler error: Extra data: line 1 column 41 (char 40)
2025-12-15T20:12:07.760483 Handler error: Extra data: line 1 column 42 (char 41)
2025-12-15T20:12:07.762478 Handler error: Extra data: line 1 column 41 (char 40)
2025-12-15T20:12:07.764491 Handler error: Extra data: line 1 column 42 (char 41)
2025-12-15T20:12:07.766501 Handler error: Extra data: line 1 column 42 (char 41)
2025-12-15T20:12:07.764491 Received PUT rand_166.txt size=374 from ('127.0.0.1', 32527)
2025-12-15T20:12:07.768475 Handler error: Extra data: line 1 column 41 (char 40)
2025-12-15T20:12:07.770488 Handler error: Extra data: line 1 column 42 (char 41)
2025-12-15T20:12:07.770488 Handler error: Extra data: line 1 column 42 (char 41)
2025-12-15T20:12:07.770488 Handler error: Extra data: line 1 column 42 (char 41)
2025-12-15T20:12:07.770488 Handler error: Extra data: line 1 column 42 (char 41)
2025-12-15T20:12:07.770488 Handler error: Extra data: line 1 column 42 (char 41)
2025-12-15T20:12:07.775644 Handler error: Extra data: line 1 column 42 (char 41)
2025-12-15T20:12:07.777662 Handler error: Extra data: line 1 column 42 (char 41)
2025-12-15T20:12:07.777662 Handler error: Extra data: line 1 column 42 (char 41)
2025-12-15T20:12:07.781694 Handler error: Extra data: line 1 column 42 (char 41)
2025-12-15T20:12:07.779678 Handler error: Extra data: line 1 column 42 (char 41)
2025-12-15T20:12:07.781694 Handler error: Extra data: line 1 column 42 (char 41)
2025-12-15T20:12:07.783716 Handler error: Extra data: line 1 column 42 (char 41)
2025-12-15T20:12:07.785735 Handler error: Extra data: line 1 column 42 (char 41)
2025-12-15T20:12:07.787750 Handler error: Extra data: line 1 column 42 (char 41)
2025-12-15T20:12:07.789766 Handler error: Extra data: line 1 column 42 (char 41)
2025-12-15T20:12:07.789766 Handler error: Extra data: line 1 column 42 (char 41)
2025-12-15T20:12:07.791780 Handler error: Extra data: line 1 column 42 (char 41)
2025-12-15T20:12:07.793796 Handler error: Extra data: line 1 column 42 (char 41)
2025-12-15T20:12:07.795816 Handler error: Extra data: line 1 column 42 (char 41)
2025-12-15T20:12:07.797833 Handler error: Extra data: line 1 column 42 (char 41)
2025-12-15T20:12:07.797833 Handler error: Extra data: line 1 column 41 (char 40)
2025-12-15T20:12:07.799127 Handler error: Extra data: line 1 column 42 (char 41)
2025-12-15T20:12:07.800141 Handler error: Extra data: line 1 column 42 (char 41)
2025-12-15T20:12:07.800141 Handler error: Extra data: line 1 column 42 (char 41)
2025-12-15T20:12:07.802158 Handler error: Extra data: line 1 column 42 (char 41)
2025-12-15T20:12:07.804171 Handler error: Extra data: line 1 column 42 (char 41)
2025-12-15T20:12:07.806194 Handler error: Extra data: line 1 column 41 (char 40)
2025-12-15T20:12:07.806194 Handler error: Extra data: line 1 column 41 (char 40)
2025-12-15T20:12:07.808206 Handler error: Extra data: line 1 column 42 (char 41)
2025-12-15T20:12:07.808206 Handler error: Extra data: line 1 column 42 (char 41)
2025-12-15T20:12:07.808206 Handler error: Extra data: line 1 column 42 (char 41)
2025-12-15T20:12:07.814950 Handler error: Extra data: line 1 column 42 (char 41)
2025-12-15T20:12:07.814950 Handler error: Extra data: line 1 column 42 (char 41)
2025-12-15T20:12:07.816704 Handler error: Extra data: line 1 column 42 (char 41)
2025-12-15T20:12:07.816704 Handler error: Extra data: line 1 column 41 (char 40)
2025-12-15T20:12:07.816704 Handler error: Extra data: line 1 column 42 (char 41)
2025-12-15T20:12:07.816704 Handler error: Extra data: line 1 column 41 (char 40)
2025-12-15T20:12:07.820389 Handler error: Extra data: line 1 column 42 (char 41)
2025-12-15T20:12:07.824470 Handler error: Extra data: line 1 column 41 (char 40)
2025-12-15T20:12:07.822454 Handler error: Extra data: line 1 column 42 (char 41)
2025-12-15T20:12:07.826128 Handler error: Extra data: line 1 column 42 (char 41)
2025-12-15T20:12:07.826128 Handler error: Extra data: line 1 column 42 (char 41)
2025-12-15T20:12:07.826128 Handler error: Extra data: line 1 column 42 (char 41)
2025-12-15T20:12:07.828289 Handler error: Extra data: line 1 column 42 (char 41)
2025-12-15T20:12:07.830303 Handler error: Extra data: line 1 column 42 (char 41)
2025-12-15T20:12:07.833117 Handler error: Extra data: line 1 column 42 (char 41)
2025-12-15T20:12:07.835033 Handler error: Extra data: line 1 column 41 (char 40)
2025-12-15T20:12:07.835033 Handler error: Extra data: line 1 column 42 (char 41)
2025-12-15T20:12:07.837607 Handler error: Extra data: line 1 column 42 (char 41)
2025-12-15T20:12:07.839619 Handler error: Extra data: line 1 column 42 (char 41)
2025-12-15T20:12:07.844111 Handler error: Extra data: line 1 column 42 (char 41)
2025-12-15T20:12:07.846120 Handler error: Extra data: line 1 column 41 (char 40)
2025-12-15T20:12:07.846120 Handler error: Extra data: line 1 column 42 (char 41)
2025-12-15T20:12:07.846120 Handler error: Extra data: line 1 column 42 (char 41)
2025-12-15T20:12:07.848818 Handler error: Extra data: line 1 column 42 (char 41)
2025-12-15T20:12:07.848818 Handler error: Extra data: line 1 column 42 (char 41)
2025-12-15T20:12:07.848818 Handler error: Extra data: line 1 column 42 (char 41)
2025-12-15T20:12:07.848818 Handler error: Extra data: line 1 column 42 (char 41)
2025-12-15T20:12:07.848818 Handler error: Extra data: line 1 column 42 (char 41)
2025-12-15T20:12:07.855363 Handler error: Extra data: line 1 column 42 (char 41)
2025-12-15T20:12:07.857096 Handler error: Extra data: line 1 column 42 (char 41)
2025-12-15T20:12:07.859108 Handler error: Extra data: line 1 column 41 (char 40)
2025-12-15T20:12:07.859108 Handler error: Extra data: line 1 column 41 (char 40)
2025-12-15T20:12:07.859108 Handler error: Extra data: line 1 column 42 (char 41)
2025-12-15T20:12:07.861121 Handler error: Extra data: line 1 column 42 (char 41)
2025-12-15T20:12:07.865174 Handler error: Extra data: line 1 column 42 (char 41)
2025-12-15T20:12:07.866838 Handler error: Extra data: line 1 column 41 (char 40)
2025-12-15T20:12:07.868850 Handler error: Extra data: line 1 column 42 (char 41)
2025-12-15T20:12:07.868850 Handler error: Extra data: line 1 column 42 (char 41)
2025-12-15T20:12:07.870951 Handler error: Extra data: line 1 column 42 (char 41)
2025-12-15T20:12:07.872912 Handler error: Extra data: line 1 column 42 (char 41)
2025-12-15T20:12:07.872912 Handler error: Extra data: line 1 column 41 (char 40)
2025-12-15T20:12:07.877587 Handler error: Extra data: line 1 column 42 (char 41)
2025-12-15T20:12:07.878221 Handler error: Extra data: line 1 column 42 (char 41)
2025-12-15T20:12:07.879287 Handler error: Extra data: line 1 column 42 (char 41)
2025-12-15T20:12:07.881043 Handler error: Extra data: line 1 column 42 (char 41)
2025-12-15T20:12:07.881043 Handler error: Extra data: line 1 column 42 (char 41)
2025-12-15T20:12:07.881043 Handler error: Extra data: line 1 column 42 (char 41)
2025-12-15T20:12:07.885973 Handler error: Extra data: line 1 column 42 (char 41)
2025-12-15T20:12:07.885973 Handler error: Extra data: line 1 column 42 (char 41)
2025-12-15T20:12:07.892095 Handler error: Extra data: line 1 column 42 (char 41)
2025-12-15T20:12:07.892095 Handler error: Extra data: line 1 column 41 (char 40)
2025-12-15T20:12:07.892095 Handler error: Extra data: line 1 column 42 (char 41)
2025-12-15T20:12:07.892095 Handler error: Extra data: line 1 column 42 (char 41)
2025-12-15T20:12:07.892095 Handler error: Extra data: line 1 column 42 (char 41)
2025-12-15T20:12:07.892095 Handler error: Extra data: line 1 column 41 (char 40)
2025-12-15T20:12:07.897672 Handler error: Extra data: line 1 column 42 (char 41)
2025-12-15T20:12:07.898892 Handler error: Extra data: line 1 column 42 (char 41)
2025-12-15T20:12:07.898892 Handler error: Extra data: line 1 column 42 (char 41)
2025-12-15T20:12:07.901839 Handler error: Extra data: line 1 column 42 (char 41)
2025-12-15T20:12:07.902730 Handler error: Extra data: line 1 column 42 (char 41)
2025-12-15T20:12:07.902730 Handler error: Extra data: line 1 column 42 (char 41)
2025-12-15T20:12:07.905927 Handler error: Extra data: line 1 column 42 (char 41)
2025-12-15T20:12:07.905927 Handler error: Extra data: line 1 column 42 (char 41)
2025-12-15T20:12:07.911704 Handler error: Extra data: line 1 column 42 (char 41)
2025-12-15T20:12:07.911704 Handler error: Extra data: line 1 column 41 (char 40)
2025-12-15T20:12:07.913719 Handler error: Extra data: line 1 column 42 (char 41)
2025-12-15T20:12:07.913719 Handler error: Extra data: line 1 column 42 (char 41)
2025-12-15T20:12:07.913719 Handler error: Extra data: line 1 column 42 (char 41)
2025-12-15T20:12:07.915735 Handler error: Extra data: line 1 column 42 (char 41)
2025-12-15T20:12:07.919758 Handler error: Extra data: line 1 column 42 (char 41)
2025-12-15T20:12:07.923785 Handler error: Extra data: line 1 column 42 (char 41)
2025-12-15T20:12:07.923785 Handler error: Extra data: line 1 column 42 (char 41)
2025-12-15T20:12:07.923785 Handler error: Extra data: line 1 column 42 (char 41)
2025-12-15T20:12:07.923785 Handler error: Extra data: line 1 column 41 (char 40)
2025-12-15T20:12:07.923785 Handler error: Extra data: line 1 column 42 (char 41)
2025-12-15T20:12:07.923785 Handler error: Extra data: line 1 column 42 (char 41)
2025-12-15T20:12:07.932195 Handler error: Extra data: line 1 column 42 (char 41)
2025-12-15T20:12:07.932195 Handler error: Extra data: line 1 column 41 (char 40)
2025-12-15T20:12:07.932195 Handler error: Extra data: line 1 column 42 (char 41)
2025-12-15T20:12:07.932195 Handler error: Extra data: line 1 column 42 (char 41)
2025-12-15T20:12:07.932195 Handler error: Extra data: line 1 column 42 (char 41)
2025-12-15T20:12:07.936549 Handler error: Extra data: line 1 column 42 (char 41)
2025-12-15T20:12:07.938293 Handler error: Extra data: line 1 column 42 (char 41)
2025-12-15T20:12:07.938293 Handler error: Extra data: line 1 column 42 (char 41)
2025-12-15T20:12:07.940304 Handler error: Extra data: line 1 column 42 (char 41)
2025-12-15T20:12:07.942314 Handler error: Extra data: line 1 column 42 (char 41)
2025-12-15T20:12:07.942314 Handler error: Extra data: line 1 column 42 (char 41)
2025-12-15T20:12:07.942314 Handler error: Extra data: line 1 column 42 (char 41)
2025-12-15T20:12:07.942314 Handler error: Extra data: line 1 column 42 (char 41)
2025-12-15T20:12:07.946461 Handler error: Extra data: line 1 column 42 (char 41)
2025-12-15T20:12:07.942314 Handler error: Extra data: line 1 column 41 (char 40)
2025-12-15T20:12:07.946461 Handler error: Extra data: line 1 column 42 (char 41)
2025-12-15T20:12:07.946461 Handler error: Extra data: line 1 column 41 (char 40)
2025-12-15T20:12:07.946461 Handler error: Extra data: line 1 column 42 (char 41)
2025-12-15T20:12:07.949316 Handler error: Extra data: line 1 column 42 (char 41)
2025-12-15T20:12:07.951328 Handler error: Extra data: line 1 column 42 (char 41)
2025-12-15T20:12:07.953342 Handler error: Extra data: line 1 column 42 (char 41)
2025-12-15T20:12:07.953342 Handler error: Extra data: line 1 column 42 (char 41)
2025-12-15T20:12:07.953342 Handler error: Extra data: line 1 column 41 (char 40)
2025-12-15T20:12:07.956877 Handler error: Extra data: line 1 column 41 (char 40)
2025-12-15T20:12:07.956877 Handler error: Extra data: line 1 column 42 (char 41)
2025-12-15T20:12:07.959486 Handler error: Extra data: line 1 column 41 (char 40)
2025-12-15T20:12:07.959486 Handler error: Extra data: line 1 column 42 (char 41)
2025-12-15T20:12:07.959486 Handler error: Extra data: line 1 column 42 (char 41)
2025-12-15T20:12:07.959486 Handler error: Extra data: line 1 column 42 (char 41)
2025-12-15T20:12:07.962509 Received PUT rand_345.txt size=242 from ('127.0.0.1', 32663)
2025-12-15T20:12:07.962509 Handler error: Extra data: line 1 column 42 (char 41)
2025-12-15T20:12:07.962509 Handler error: Extra data: line 1 column 41 (char 40)
2025-12-15T20:12:07.965102 Handler error: Extra data: line 1 column 42 (char 41)
2025-12-15T20:12:07.967114 Handler error: Extra data: line 1 column 42 (char 41)
2025-12-15T20:12:07.967114 Handler error: Extra data: line 1 column 42 (char 41)
2025-12-15T20:12:07.967114 Handler error: Extra data: line 1 column 42 (char 41)
2025-12-15T20:12:07.967114 Handler error: Extra data: line 1 column 42 (char 41)
2025-12-15T20:12:07.967114 Handler error: Extra data: line 1 column 41 (char 40)
2025-12-15T20:12:07.972618 Handler error: Extra data: line 1 column 41 (char 40)
2025-12-15T20:12:07.974638 Handler error: Extra data: line 1 column 42 (char 41)
2025-12-15T20:12:07.977336 Handler error: Extra data: line 1 column 41 (char 40)
2025-12-15T20:12:07.977336 Handler error: Extra data: line 1 column 42 (char 41)
2025-12-15T20:12:07.979083 Handler error: Extra data: line 1 column 41 (char 40)
2025-12-15T20:12:07.979083 Handler error: Extra data: line 1 column 42 (char 41)
2025-12-15T20:12:07.979083 Handler error: Extra data: line 1 column 42 (char 41)
2025-12-15T20:12:07.979083 Handler error: Extra data: line 1 column 41 (char 40)
2025-12-15T20:12:07.986831 Handler error: Extra data: line 1 column 41 (char 40)
2025-12-15T20:12:07.986831 Handler error: Extra data: line 1 column 42 (char 41)
2025-12-15T20:12:07.986831 Handler error: Extra data: line 1 column 42 (char 41)
2025-12-15T20:12:07.990759 Handler error: Extra data: line 1 column 42 (char 41)
2025-12-15T20:12:07.990759 Handler error: Extra data: line 1 column 41 (char 40)
2025-12-15T20:12:07.992772 Handler error: Extra data: line 1 column 42 (char 41)
2025-12-15T20:12:07.992772 Handler error: Extra data: line 1 column 42 (char 41)
2025-12-15T20:12:07.994865 Handler error: Extra data: line 1 column 42 (char 41)
2025-12-15T20:12:07.996875 Handler error: Extra data: line 1 column 42 (char 41)
2025-12-15T20:12:07.996875 Handler error: Extra data: line 1 column 42 (char 41)
2025-12-15T20:12:07.999390 Handler error: Extra data: line 1 column 42 (char 41)
2025-12-15T20:12:07.999390 Handler error: Extra data: line 1 column 42 (char 41)
2025-12-15T20:12:07.999390 Handler error: Extra data: line 1 column 42 (char 41)
2025-12-15T20:12:07.999390 Handler error: Extra data: line 1 column 42 (char 41)
2025-12-15T20:12:08.003065 Handler error: Extra data: line 1 column 41 (char 40)
2025-12-15T20:12:08.003065 Handler error: Extra data: line 1 column 41 (char 40)
2025-12-15T20:12:08.003065 Handler error: Extra data: line 1 column 42 (char 41)
2025-12-15T20:12:08.003065 Handler error: Extra data: line 1 column 41 (char 40)
2025-12-15T20:12:08.003065 Handler error: Extra data: line 1 column 42 (char 41)
2025-12-15T20:12:08.003065 Handler error: Extra data: line 1 column 42 (char 41)
2025-12-15T20:12:08.011077 Handler error: Extra data: line 1 column 41 (char 40)
2025-12-15T20:12:08.011077 Handler error: Extra data: line 1 column 42 (char 41)
2025-12-15T20:12:08.011077 Handler error: Extra data: line 1 column 42 (char 41)
2025-12-15T20:12:08.011077 Handler error: Extra data: line 1 column 42 (char 41)
2025-12-15T20:12:08.011077 Handler error: Extra data: line 1 column 42 (char 41)
2025-12-15T20:12:08.011077 Handler error: Extra data: line 1 column 42 (char 41)
2025-12-15T20:12:08.011077 Handler error: Extra data: line 1 column 42 (char 41)
2025-12-15T20:12:08.019419 Received PUT rand_422.txt size=528 from ('127.0.0.1', 32706)
2025-12-15T20:12:08.019419 Handler error: Extra data: line 1 column 42 (char 41)
2025-12-15T20:12:08.019419 Handler error: Extra data: line 1 column 42 (char 41)
2025-12-15T20:12:08.019419 Handler error: Extra data: line 1 column 42 (char 41)
2025-12-15T20:12:08.027081 Handler error: Extra data: line 1 column 42 (char 41)
2025-12-15T20:12:08.035125 Received PUT rand_453.txt size=220 from ('127.0.0.1', 32718)
2025-12-15T20:12:08.035125 Received PUT rand_447.txt size=539 from ('127.0.0.1', 32713)
2025-12-15T20:12:08.051273 Received PUT rand_381.txt size=473 from ('127.0.0.1', 32721)
2025-12-15T20:12:08.051273 Received PUT rand_474.txt size=418 from ('127.0.0.1', 32719)
2025-12-15T20:12:08.051273 Received PUT rand_499.txt size=363 from ('127.0.0.1', 32722)
2025-12-15T20:12:18.200330 Handler error: Extra data: line 1 column 41 (char 40)
2025-12-15T20:12:18.290467 Handler error: Extra data: line 1 column 41 (char 40)
2025-12-15T20:12:18.308085 Handler error: Extra data: line 1 column 41 (char 40)
2025-12-15T20:12:18.322164 Handler error: Extra data: line 1 column 42 (char 41)
2025-12-15T20:12:18.340953 Handler error: Extra data: line 1 column 41 (char 40)
2025-12-15T20:12:18.348082 Handler error: Extra data: line 1 column 42 (char 41)
2025-12-15T20:12:18.358407 Handler error: Extra data: line 1 column 42 (char 41)
2025-12-15T20:12:18.369202 Handler error: Extra data: line 1 column 42 (char 41)
2025-12-15T20:12:18.375957 Handler error: Extra data: line 1 column 41 (char 40)
2025-12-15T20:12:18.383536 Handler error: Extra data: line 1 column 42 (char 41)
2025-12-15T20:12:18.390805 Handler error: Extra data: line 1 column 41 (char 40)
2025-12-15T20:12:18.397861 Handler error: Extra data: line 1 column 42 (char 41)
2025-12-15T20:12:18.414632 Handler error: Extra data: line 1 column 42 (char 41)
2025-12-15T20:12:18.429383 Handler error: Extra data: line 1 column 42 (char 41)
2025-12-15T20:12:18.439446 Handler error: Extra data: line 1 column 42 (char 41)
2025-12-15T20:12:18.461881 Handler error: Extra data: line 1 column 42 (char 41)
2025-12-15T20:12:18.467916 Handler error: Extra data: line 1 column 42 (char 41)
2025-12-15T20:12:18.467916 Handler error: Extra data: line 1 column 42 (char 41)
2025-12-15T20:12:18.474460 Handler error: Extra data: line 1 column 41 (char 40)
2025-12-15T20:12:18.475987 Handler error: Extra data: line 1 column 42 (char 41)
2025-12-15T20:12:18.477995 Handler error: Extra data: line 1 column 42 (char 41)
2025-12-15T20:12:18.481313 Handler error: Extra data: line 1 column 42 (char 41)
2025-12-15T20:12:18.483320 Handler error: Extra data: line 1 column 42 (char 41)
2025-12-15T20:12:18.481313 Handler error: Extra data: line 1 column 42 (char 41)
2025-12-15T20:12:18.486848 Handler error: Extra data: line 1 column 41 (char 40)
2025-12-15T20:12:18.488854 Handler error: Extra data: line 1 column 41 (char 40)
2025-12-15T20:12:18.489695 Handler error: Extra data: line 1 column 42 (char 41)
2025-12-15T20:12:18.491707 Handler error: Extra data: line 1 column 42 (char 41)
2025-12-15T20:12:18.494968 Handler error: Extra data: line 1 column 42 (char 41)
2025-12-15T20:12:18.496979 Handler error: Extra data: line 1 column 42 (char 41)
2025-12-15T20:12:18.496979 Handler error: Extra data: line 1 column 42 (char 41)
2025-12-15T20:12:18.498398 Handler error: Extra data: line 1 column 42 (char 41)
2025-12-15T20:12:18.504333 Handler error: Extra data: line 1 column 42 (char 41)
2025-12-15T20:12:18.505694 Handler error: Extra data: line 1 column 41 (char 40)
2025-12-15T20:12:18.507705 Handler error: Extra data: line 1 column 42 (char 41)
2025-12-15T20:12:18.507705 Handler error: Extra data: line 1 column 42 (char 41)
2025-12-15T20:12:18.509718 Handler error: Extra data: line 1 column 42 (char 41)
2025-12-15T20:12:18.511479 Handler error: Extra data: line 1 column 41 (char 40)
2025-12-15T20:12:18.513493 Handler error: Extra data: line 1 column 42 (char 41)
2025-12-15T20:12:18.517520 Handler error: Extra data: line 1 column 41 (char 40)
2025-12-15T20:12:18.519533 Handler error: Extra data: line 1 column 42 (char 41)
2025-12-15T20:12:18.524081 Handler error: Extra data: line 1 column 42 (char 41)
2025-12-15T20:12:18.524081 Handler error: Extra data: line 1 column 42 (char 41)
2025-12-15T20:12:18.527852 Received PUT rand_190.txt size=462 from ('127.0.0.1', 40372)
2025-12-15T20:12:18.532386 Handler error: Extra data: line 1 column 42 (char 41)
2025-12-15T20:12:18.532386 Handler error: Extra data: line 1 column 42 (char 41)
2025-12-15T20:12:18.536929 Handler error: Extra data: line 1 column 42 (char 41)
2025-12-15T20:12:18.544487 Handler error: Extra data: line 1 column 42 (char 41)
2025-12-15T20:12:18.544487 Handler error: Extra data: line 1 column 42 (char 41)
2025-12-15T20:12:18.552041 Handler error: Extra data: line 1 column 42 (char 41)
2025-12-15T20:12:18.552041 Handler error: Extra data: line 1 column 42 (char 41)
2025-12-15T20:12:18.560163 Handler error: Extra data: line 1 column 42 (char 41)
2025-12-15T20:12:18.560163 Handler error: Extra data: line 1 column 42 (char 41)
2025-12-15T20:12:18.564705 Handler error: Extra data: line 1 column 42 (char 41)
2025-12-15T20:12:18.567746 Handler error: Extra data: line 1 column 42 (char 41)
2025-12-15T20:12:18.576314 Handler error: Extra data: line 1 column 42 (char 41)
2025-12-15T20:12:18.592919 Received PUT rand_338.txt size=396 from ('127.0.0.1', 40389)
2025-12-15T20:12:18.600968 Handler error: Extra data: line 1 column 42 (char 41)
2025-12-15T20:12:18.625929 Handler error: Extra data: line 1 column 42 (char 41)
2025-12-15T20:12:18.659167 Handler error: Extra data: line 1 column 42 (char 41)
2025-12-15T20:12:18.684096 Handler error: Extra data: line 1 column 42 (char 41)
2025-12-15T20:12:18.818316 Handler error: Extra data: line 1 column 41 (char 40)
2025-12-15T20:12:18.909157 Handler error: Extra data: line 1 column 42 (char 41)
2025-12-15T20:12:18.925050 Handler error: Extra data: line 1 column 42 (char 41)
2025-12-15T20:12:18.933876 Handler error: Extra data: line 1 column 42 (char 41)
2025-12-15T20:12:18.933876 Handler error: Extra data: line 1 column 42 (char 41)
2025-12-15T20:12:18.935888 Handler error: Extra data: line 1 column 42 (char 41)
2025-12-15T20:12:18.945945 Handler error: Extra data: line 1 column 42 (char 41)
2025-12-15T20:12:18.946680 Handler error: Extra data: line 1 column 42 (char 41)
2025-12-15T20:12:18.948691 Handler error: Extra data: line 1 column 42 (char 41)
2025-12-15T20:12:18.953341 Received PUT rand_463.txt size=44 from ('127.0.0.1', 40404)
2025-12-15T20:12:18.955515 Handler error: Extra data: line 1 column 42 (char 41)
2025-12-15T20:12:18.957533 Handler error: Extra data: line 1 column 42 (char 41)
2025-12-15T20:12:18.957533 Handler error: Extra data: line 1 column 42 (char 41)
2025-12-15T20:12:18.961637 Handler error: Extra data: line 1 column 42 (char 41)
2025-12-15T20:12:18.964665 Handler error: Extra data: line 1 column 42 (char 41)
2025-12-15T20:12:18.966680 Handler error: Extra data: line 1 column 42 (char 41)
2025-12-15T20:12:18.966680 Handler error: Extra data: line 1 column 42 (char 41)
2025-12-15T20:12:18.968695 Handler error: Extra data: line 1 column 42 (char 41)
2025-12-15T20:12:18.972731 Handler error: Extra data: line 1 column 41 (char 40)
2025-12-15T20:12:18.974745 Handler error: Extra data: line 1 column 42 (char 41)
2025-12-15T20:12:18.974745 Handler error: Extra data: line 1 column 41 (char 40)
2025-12-15T20:12:18.974745 Handler error: Extra data: line 1 column 42 (char 41)
2025-12-15T20:12:18.974745 Handler error: Extra data: line 1 column 42 (char 41)
2025-12-15T20:12:18.979019 Received PUT rand_401.txt size=220 from ('127.0.0.1', 40413)
2025-12-15T20:12:18.982379 Handler error: Extra data: line 1 column 42 (char 41)
2025-12-15T20:12:18.980363 Handler error: Extra data: line 1 column 42 (char 41)
2025-12-15T20:12:18.983773 Handler error: Extra data: line 1 column 42 (char 41)
2025-12-15T20:12:18.984647 Handler error: Extra data: line 1 column 42 (char 41)
2025-12-15T20:12:18.989010 Handler error: Extra data: line 1 column 42 (char 41)
2025-12-15T20:12:18.989010 Handler error: Extra data: line 1 column 42 (char 41)
2025-12-15T20:12:18.991025 Handler error: Extra data: line 1 column 41 (char 40)
2025-12-15T20:12:18.991025 Handler error: Extra data: line 1 column 42 (char 41)
2025-12-15T20:12:18.994797 Received PUT rand_545.txt size=418 from ('127.0.0.1', 40423)
2025-12-15T20:12:19.002904 Handler error: Extra data: line 1 column 42 (char 41)
2025-12-15T20:12:19.002904 Handler error: Extra data: line 1 column 42 (char 41)
2025-12-15T20:12:19.011053 Handler error: Extra data: line 1 column 41 (char 40)
2025-12-15T20:12:19.019795 Handler error: Extra data: line 1 column 41 (char 40)
2025-12-15T20:12:19.027574 Handler error: Extra data: line 1 column 42 (char 41)
2025-12-15T20:12:19.030516 Handler error: Extra data: line 1 column 42 (char 41)
2025-12-15T20:12:19.043823 Handler error: Extra data: line 1 column 42 (char 41)
2025-12-15T20:12:19.052276 Handler error: Extra data: line 1 column 42 (char 41)
2025-12-15T20:12:19.060476 Handler error: Extra data: line 1 column 42 (char 41)
2025-12-15T20:12:19.068745 Handler error: Extra data: line 1 column 42 (char 41)
2025-12-15T20:12:19.081649 Handler error: Extra data: line 1 column 42 (char 41)
2025-12-15T20:12:19.085776 Handler error: Extra data: line 1 column 42 (char 41)
2025-12-15T20:12:19.102341 Handler error: Extra data: line 1 column 42 (char 41)
2025-12-15T20:12:19.110723 Handler error: Extra data: line 1 column 42 (char 41)
2025-12-15T20:12:19.127597 Handler error: Extra data: line 1 column 42 (char 41)
2025-12-15T20:12:19.144470 Handler error: Extra data: line 1 column 41 (char 40)
2025-12-15T20:12:19.144470 Handler error: Extra data: line 1 column 42 (char 41)
2025-12-15T20:12:19.153099 Handler error: Extra data: line 1 column 42 (char 41)
2025-12-15T20:12:19.161237 Handler error: Extra data: line 1 column 42 (char 41)
2025-12-15T20:12:19.169618 Handler error: Extra data: line 1 column 42 (char 41)
2025-12-15T20:12:19.186354 Handler error: Extra data: line 1 column 42 (char 41)
2025-12-15T20:12:19.228198 Handler error: Extra data: line 1 column 42 (char 41)
2025-12-15T20:12:19.253207 Handler error: Extra data: line 1 column 42 (char 41)
2025-12-15T20:12:19.253207 Handler error: Extra data: line 1 column 42 (char 41)
2025-12-15T20:12:19.295004 Handler error: Extra data: line 1 column 42 (char 41)
2025-12-15T20:12:19.328375 Handler error: Extra data: line 1 column 42 (char 41)
2025-12-15T20:12:19.465504 Handler error: Extra data: line 1 column 42 (char 41)
2025-12-15T20:12:19.482876 Handler error: Extra data: line 1 column 42 (char 41)
2025-12-15T20:12:19.489275 Handler error: Extra data: line 1 column 42 (char 41)
2025-12-15T20:12:19.498921 Handler error: Extra data: line 1 column 42 (char 41)
2025-12-15T20:12:19.501947 Handler error: Extra data: line 1 column 42 (char 41)
2025-12-15T20:12:19.593916 Handler error: Extra data: line 1 column 42 (char 41)
2025-12-15T20:12:19.602319 Handler error: Extra data: line 1 column 42 (char 41)
2025-12-15T20:12:19.611851 Handler error: Extra data: line 1 column 42 (char 41)
2025-12-15T20:12:19.625050 Handler error: Extra data: line 1 column 42 (char 41)
2025-12-15T20:12:19.627065 Handler error: Extra data: line 1 column 42 (char 41)
2025-12-15T20:12:19.632045 Handler error: Extra data: line 1 column 41 (char 40)
2025-12-15T20:12:19.633556 Received PUT rand_582.txt size=132 from ('127.0.0.1', 40465)
2025-12-15T20:12:19.634228 Handler error: Extra data: line 1 column 41 (char 40)
2025-12-15T20:12:19.641822 Handler error: Extra data: line 1 column 42 (char 41)
2025-12-15T20:12:19.643838 Handler error: Extra data: line 1 column 42 (char 41)
2025-12-15T20:12:19.645848 Handler error: Extra data: line 1 column 42 (char 41)
2025-12-15T20:12:19.654885 Handler error: Extra data: line 1 column 42 (char 41)
2025-12-15T20:12:19.654885 Handler error: Extra data: line 1 column 42 (char 41)
2025-12-15T20:12:19.658107 Handler error: Extra data: line 1 column 42 (char 41)
2025-12-15T20:12:19.663367 Handler error: Extra data: line 1 column 42 (char 41)
2025-12-15T20:12:19.664059 Handler error: Extra data: line 1 column 42 (char 41)
2025-12-15T20:12:19.668086 Handler error: Extra data: line 1 column 41 (char 40)
2025-12-15T20:12:19.674257 Received PUT rand_644.txt size=385 from ('127.0.0.1', 40474)
2025-12-15T20:12:19.671638 Handler error: Extra data: line 1 column 42 (char 41)
2025-12-15T20:12:19.676274 Handler error: Extra data: line 1 column 42 (char 41)
2025-12-15T20:12:19.682330 Handler error: Extra data: line 1 column 42 (char 41)
2025-12-15T20:12:19.686975 Handler error: Extra data: line 1 column 42 (char 41)
2025-12-15T20:12:19.694953 Handler error: Extra data: line 1 column 42 (char 41)
2025-12-15T20:12:19.702466 Handler error: Extra data: line 1 column 42 (char 41)
2025-12-15T20:12:19.706744 Received PUT rand_667.txt size=528 from ('127.0.0.1', 40481)
2025-12-15T20:12:19.711624 Handler error: Extra data: line 1 column 41 (char 40)
2025-12-15T20:12:19.715238 Handler error: Extra data: line 1 column 42 (char 41)
2025-12-15T20:12:19.732362 Handler error: Extra data: line 1 column 41 (char 40)
2025-12-15T20:12:19.748475 Handler error: Extra data: line 1 column 42 (char 41)
2025-12-15T20:12:19.765135 Handler error: Extra data: line 1 column 42 (char 41)
2025-12-15T20:12:19.779445 Handler error: Extra data: line 1 column 42 (char 41)
2025-12-15T20:12:19.789829 Handler error: Extra data: line 1 column 41 (char 40)
2025-12-15T20:12:19.806566 Handler error: Extra data: line 1 column 42 (char 41)
2025-12-15T20:12:19.832329 Handler error: Extra data: line 1 column 42 (char 41)
2025-12-15T20:12:19.856885 Handler error: Extra data: line 1 column 42 (char 41)
2025-12-15T20:12:19.881975 Handler error: Extra data: line 1 column 42 (char 41)
2025-12-15T20:12:19.897922 Handler error: Extra data: line 1 column 42 (char 41)
2025-12-15T20:12:19.979808 Handler error: Extra data: line 1 column 42 (char 41)
2025-12-15T20:12:20.134062 Handler error: Extra data: line 1 column 42 (char 41)
2025-12-15T20:12:20.262795 Handler error: Extra data: line 1 column 42 (char 41)
2025-12-15T20:12:20.416673 Handler error: Extra data: line 1 column 42 (char 41)
2025-12-15T20:12:20.433855 Handler error: Extra data: line 1 column 42 (char 41)
2025-12-15T20:12:20.442784 Handler error: Extra data: line 1 column 42 (char 41)
2025-12-15T20:12:20.560802 Received PUT rand_919.txt size=451 from ('127.0.0.1', 40503)
2025-12-15T20:12:29.031047 Handler error: Extra data: line 1 column 42 (char 41)
2025-12-15T20:12:29.033057 Handler error: Extra data: line 1 column 42 (char 41)
2025-12-15T20:12:29.037075 Handler error: Extra data: line 1 column 41 (char 40)
2025-12-15T20:12:29.037075 Handler error: Extra data: line 1 column 42 (char 41)
2025-12-15T20:12:29.041095 Handler error: Extra data: line 1 column 42 (char 41)
2025-12-15T20:12:29.043105 Handler error: Extra data: line 1 column 42 (char 41)
2025-12-15T20:12:29.047127 Handler error: Extra data: line 1 column 42 (char 41)
2025-12-15T20:12:29.049135 Handler error: Extra data: line 1 column 42 (char 41)
2025-12-15T20:12:29.049135 Handler error: Extra data: line 1 column 42 (char 41)
2025-12-15T20:12:29.049135 Handler error: Extra data: line 1 column 42 (char 41)
2025-12-15T20:12:29.058874 Handler error: Extra data: line 1 column 42 (char 41)
2025-12-15T20:12:29.058874 Handler error: Extra data: line 1 column 42 (char 41)
2025-12-15T20:12:29.064348 Handler error: Extra data: line 1 column 42 (char 41)
2025-12-15T20:12:29.065356 Handler error: Extra data: line 1 column 42 (char 41)
2025-12-15T20:12:29.067365 Handler error: Extra data: line 1 column 42 (char 41)
2025-12-15T20:12:29.070247 Handler error: Extra data: line 1 column 42 (char 41)
2025-12-15T20:12:29.075725 Handler error: Extra data: line 1 column 41 (char 40)
2025-12-15T20:12:29.079751 Handler error: Extra data: line 1 column 42 (char 41)
2025-12-15T20:12:29.081759 Handler error: Extra data: line 1 column 42 (char 41)
2025-12-15T20:12:29.085778 Handler error: Extra data: line 1 column 42 (char 41)
2025-12-15T20:12:29.085778 Handler error: Extra data: line 1 column 42 (char 41)
2025-12-15T20:12:29.090258 Handler error: Extra data: line 1 column 42 (char 41)
2025-12-15T20:12:29.090258 Handler error: Extra data: line 1 column 42 (char 41)
2025-12-15T20:12:29.098536 Handler error: Extra data: line 1 column 42 (char 41)
2025-12-15T20:12:29.099271 Handler error: Extra data: line 1 column 42 (char 41)
2025-12-15T20:12:29.099271 Handler error: Extra data: line 1 column 42 (char 41)
2025-12-15T20:12:29.099271 Handler error: Extra data: line 1 column 42 (char 41)
2025-12-15T20:12:29.105306 Handler error: Extra data: line 1 column 42 (char 41)
2025-12-15T20:12:29.111265 Handler error: Extra data: line 1 column 42 (char 41)
2025-12-15T20:12:29.113274 Handler error: Extra data: line 1 column 42 (char 41)
2025-12-15T20:12:29.113274 Handler error: Extra data: line 1 column 42 (char 41)
2025-12-15T20:12:29.117954 Received PUT rand_358.txt size=550 from ('127.0.0.1', 40541)
2025-12-15T20:12:29.117954 Handler error: Extra data: line 1 column 42 (char 41)
2025-12-15T20:12:29.117954 Handler error: Extra data: line 1 column 41 (char 40)
2025-12-15T20:12:29.125400 Handler error: Extra data: line 1 column 42 (char 41)
2025-12-15T20:12:29.125400 Handler error: Extra data: line 1 column 42 (char 41)
2025-12-15T20:12:29.133443 Handler error: Extra data: line 1 column 42 (char 41)
2025-12-15T20:12:29.139529 Handler error: Extra data: line 1 column 42 (char 41)
2025-12-15T20:12:29.147539 Received PUT rand_350.txt size=11 from ('127.0.0.1', 40546)
2025-12-15T20:12:29.148108 Handler error: Extra data: line 1 column 42 (char 41)
2025-12-15T20:12:29.152511 Handler error: Extra data: line 1 column 42 (char 41)
2025-12-15T20:12:29.157829 Handler error: Extra data: line 1 column 42 (char 41)
2025-12-15T20:12:29.164289 Handler error: Extra data: line 1 column 42 (char 41)
2025-12-15T20:12:29.172649 Handler error: Extra data: line 1 column 42 (char 41)
2025-12-15T20:12:29.180876 Handler error: Extra data: line 1 column 42 (char 41)
2025-12-15T20:12:29.185442 Handler error: Extra data: line 1 column 42 (char 41)
2025-12-15T20:12:29.195354 Handler error: Extra data: line 1 column 42 (char 41)
2025-12-15T20:12:29.199117 Handler error: Extra data: line 1 column 42 (char 41)
2025-12-15T20:12:29.205268 Handler error: Extra data: line 1 column 41 (char 40)
2025-12-15T20:12:29.213774 Handler error: Extra data: line 1 column 42 (char 41)
2025-12-15T20:12:29.216243 Handler error: Extra data: line 1 column 41 (char 40)
2025-12-15T20:12:29.245786 Received PUT rand_576.txt size=44 from ('127.0.0.1', 40561)
2025-12-15T20:12:29.468882 Handler error: Extra data: line 1 column 41 (char 40)
2025-12-15T20:12:29.485290 Handler error: Extra data: line 1 column 42 (char 41)
2025-12-15T20:12:29.487736 Received PUT rand_473.txt size=121 from ('127.0.0.1', 40563)
2025-12-15T20:12:29.487736 Handler error: Extra data: line 1 column 41 (char 40)
2025-12-15T20:12:29.495718 Handler error: Extra data: line 1 column 42 (char 41)
2025-12-15T20:12:29.501803 Handler error: Extra data: line 1 column 42 (char 41)
2025-12-15T20:12:29.501803 Handler error: Extra data: line 1 column 42 (char 41)
2025-12-15T20:12:29.503816 Handler error: Extra data: line 1 column 42 (char 41)
2025-12-15T20:12:29.528720 Received PUT rand_451.txt size=242 from ('127.0.0.1', 40571)
2025-12-15T20:12:29.528720 Received PUT rand_555.txt size=99 from ('127.0.0.1', 40570)
2025-12-15T20:12:30.157577 Received PUT rand_582.txt size=132 from ('127.0.0.1', 40573)
2025-12-15T20:12:30.177117 Handler error: Extra data: line 1 column 42 (char 41)
2025-12-15T20:12:30.206619 Received PUT rand_654.txt size=220 from ('127.0.0.1', 40575)
2025-12-15T20:12:30.217740 Handler error: Extra data: line 1 column 42 (char 41)
2025-12-15T20:12:30.222783 Handler error: Extra data: line 1 column 42 (char 41)
2025-12-15T20:12:30.225563 Handler error: Extra data: line 1 column 42 (char 41)
2025-12-15T20:12:30.230809 Handler error: Extra data: line 1 column 42 (char 41)
2025-12-15T20:12:30.230809 Handler error: Extra data: line 1 column 42 (char 41)
2025-12-15T20:12:30.263343 Received PUT rand_717.txt size=176 from ('127.0.0.1', 40581)
2025-12-15T20:12:31.063798 Handler error: Extra data: line 1 column 42 (char 41)
2025-12-15T20:12:31.067928 Handler error: Extra data: line 1 column 42 (char 41)
2025-12-15T20:12:31.071918 Handler error: Extra data: line 1 column 42 (char 41)
2025-12-15T20:12:31.079995 Handler error: Extra data: line 1 column 42 (char 41)
2025-12-15T20:12:31.086022 Handler error: Extra data: line 1 column 42 (char 41)
2025-12-15T20:12:31.090044 Handler error: Extra data: line 1 column 41 (char 40)
2025-12-15T20:12:31.094837 Handler error: Extra data: line 1 column 41 (char 40)
2025-12-15T20:12:31.097725 Handler error: Extra data: line 1 column 41 (char 40)
2025-12-15T20:12:31.102471 Handler error: Extra data: line 1 column 42 (char 41)
2025-12-15T20:12:39.623617 Handler error: Extra data: line 1 column 42 (char 41)
2025-12-15T20:12:39.644370 Received PUT rand_368.txt size=385 from ('127.0.0.1', 40599)
2025-12-15T20:12:39.659511 Received PUT rand_350.txt size=11 from ('127.0.0.1', 40600)
2025-12-15T20:12:39.786958 Handler error: Extra data: line 1 column 41 (char 40)
2025-12-15T20:12:39.792047 Handler error: Extra data: line 1 column 41 (char 40)
2025-12-15T20:12:39.809687 Handler error: Extra data: line 1 column 42 (char 41)
2025-12-15T20:12:39.814097 Handler error: Extra data: line 1 column 42 (char 41)
2025-12-15T20:12:39.830133 Received PUT rand_616.txt size=110 from ('127.0.0.1', 40605)
2025-12-15T20:12:39.990687 Handler error: Extra data: line 1 column 42 (char 41)
2025-12-15T20:12:40.006784 Received PUT rand_483.txt size=165 from ('127.0.0.1', 40607)
2025-12-15T20:12:40.031737 Handler error: Extra data: line 1 column 41 (char 40)
2025-12-15T20:12:40.031737 Handler error: Extra data: line 1 column 42 (char 41)
2025-12-15T20:12:40.035400 Handler error: Extra data: line 1 column 42 (char 41)
2025-12-15T20:12:40.035400 Handler error: Extra data: line 1 column 41 (char 40)
2025-12-15T20:12:40.039844 Handler error: Extra data: line 1 column 41 (char 40)
2025-12-15T20:12:40.039844 Handler error: Extra data: line 1 column 42 (char 41)
2025-12-15T20:12:40.049946 Handler error: Extra data: line 1 column 42 (char 41)
2025-12-15T20:12:40.054215 Handler error: Extra data: line 1 column 41 (char 40)
2025-12-15T20:12:40.055966 Received PUT rand_471.txt size=165 from ('127.0.0.1', 40613)
2025-12-15T20:12:40.061190 Handler error: Extra data: line 1 column 42 (char 41)
2025-12-15T20:12:40.064120 Handler error: Extra data: line 1 column 42 (char 41)
2025-12-15T20:12:40.069198 Handler error: Extra data: line 1 column 42 (char 41)
2025-12-15T20:12:40.088357 Received PUT rand_645.txt size=209 from ('127.0.0.1', 40620)
2025-12-15T20:12:40.691784 Received PUT rand_582.txt size=132 from ('127.0.0.1', 40621)
2025-12-15T20:12:40.740287 Received PUT rand_654.txt size=220 from ('127.0.0.1', 40623)
2025-12-15T20:12:40.776341 Handler error: Extra data: line 1 column 42 (char 41)
2025-12-15T20:12:40.780359 Handler error: Extra data: line 1 column 42 (char 41)
2025-12-15T20:12:40.786138 Handler error: Extra data: line 1 column 42 (char 41)
2025-12-15T20:12:40.788148 Handler error: Extra data: line 1 column 42 (char 41)
2025-12-15T20:12:40.793535 Handler error: Extra data: line 1 column 41 (char 40)
2025-12-15T20:12:40.799956 Handler error: Extra data: line 1 column 42 (char 41)
2025-12-15T20:12:40.799956 Handler error: Extra data: line 1 column 42 (char 41)
2025-12-15T20:12:40.806400 Handler error: Extra data: line 1 column 42 (char 41)
2025-12-15T20:12:40.813903 Handler error: Extra data: line 1 column 42 (char 41)
2025-12-15T20:12:40.813903 Handler error: Extra data: line 1 column 42 (char 41)
2025-12-15T20:12:40.822183 Handler error: Extra data: line 1 column 42 (char 41)
2025-12-15T20:12:40.822183 Handler error: Extra data: line 1 column 42 (char 41)
2025-12-15T20:12:40.830115 Handler error: Extra data: line 1 column 42 (char 41)
2025-12-15T20:12:40.836160 Handler error: Extra data: line 1 column 42 (char 41)
2025-12-15T20:12:40.854276 Received PUT rand_857.txt size=110 from ('127.0.0.1', 40638)
2025-12-15T20:12:50.152889 Handler error: Extra data: line 1 column 42 (char 41)
2025-12-15T20:12:50.156905 Handler error: Extra data: line 1 column 42 (char 41)
2025-12-15T20:12:50.158910 Handler error: Extra data: line 1 column 42 (char 41)
2025-12-15T20:12:50.164944 Handler error: Extra data: line 1 column 42 (char 41)
2025-12-15T20:12:50.169207 Handler error: Extra data: line 1 column 42 (char 41)
2025-12-15T20:12:50.169207 Handler error: Extra data: line 1 column 41 (char 40)
2025-12-15T20:12:50.173592 Handler error: Extra data: line 1 column 42 (char 41)
2025-12-15T20:12:50.173592 Handler error: Extra data: line 1 column 41 (char 40)
2025-12-15T20:12:50.179233 Handler error: Extra data: line 1 column 42 (char 41)
2025-12-15T20:12:50.185101 Handler error: Extra data: line 1 column 42 (char 41)
2025-12-15T20:12:50.187114 Handler error: Extra data: line 1 column 42 (char 41)
2025-12-15T20:12:50.193455 Handler error: Extra data: line 1 column 42 (char 41)
2025-12-15T20:12:50.193455 Handler error: Extra data: line 1 column 42 (char 41)
2025-12-15T20:12:50.198391 Received PUT rand_428.txt size=341 from ('127.0.0.1', 40653)
2025-12-15T20:12:50.201922 Handler error: Extra data: line 1 column 42 (char 41)
2025-12-15T20:12:50.205943 Handler error: Extra data: line 1 column 42 (char 41)
2025-12-15T20:12:50.209965 Handler error: Extra data: line 1 column 42 (char 41)
2025-12-15T20:12:50.209965 Handler error: Extra data: line 1 column 42 (char 41)
2025-12-15T20:12:50.220400 Handler error: Extra data: line 1 column 42 (char 41)
2025-12-15T20:12:50.224421 Handler error: Extra data: line 1 column 42 (char 41)
2025-12-15T20:12:50.228443 Handler error: Extra data: line 1 column 42 (char 41)
2025-12-15T20:12:50.242798 Received PUT rand_490.txt size=242 from ('127.0.0.1', 40666)
2025-12-15T20:12:50.338780 Handler error: Extra data: line 1 column 42 (char 41)
2025-12-15T20:12:50.340537 Handler error: Extra data: line 1 column 42 (char 41)
2025-12-15T20:12:50.356700 Received PUT rand_636.txt size=550 from ('127.0.0.1', 40669)
2025-12-15T20:12:50.512784 Handler error: Extra data: line 1 column 42 (char 41)
2025-12-15T20:12:50.512784 Handler error: Extra data: line 1 column 42 (char 41)
2025-12-15T20:12:50.519364 Handler error: Extra data: line 1 column 42 (char 41)
2025-12-15T20:12:50.522475 Handler error: Extra data: line 1 column 42 (char 41)
2025-12-15T20:12:50.527503 Handler error: Extra data: line 1 column 41 (char 40)
2025-12-15T20:12:50.527503 Handler error: Extra data: line 1 column 42 (char 41)
2025-12-15T20:12:50.535569 Handler error: Extra data: line 1 column 42 (char 41)
2025-12-15T20:12:50.540008 Handler error: Extra data: line 1 column 42 (char 41)
2025-12-15T20:12:50.543672 Handler error: Extra data: line 1 column 42 (char 41)
2025-12-15T20:12:50.553829 Handler error: Extra data: line 1 column 41 (char 40)
2025-12-15T20:12:50.568396 Received PUT rand_583.txt size=418 from ('127.0.0.1', 40680)
2025-12-15T20:12:50.570908 Handler error: Extra data: line 1 column 42 (char 41)
2025-12-15T20:12:50.585090 Received PUT rand_481.txt size=352 from ('127.0.0.1', 40682)
2025-12-15T20:12:50.604230 Handler error: Extra data: line 1 column 42 (char 41)
2025-12-15T20:12:50.617208 Handler error: Extra data: line 1 column 42 (char 41)
2025-12-15T20:12:50.617208 Handler error: Extra data: line 1 column 41 (char 40)
2025-12-15T20:12:50.631346 Handler error: Extra data: line 1 column 42 (char 41)
2025-12-15T20:12:50.638183 Handler error: Extra data: line 1 column 41 (char 40)
2025-12-15T20:12:50.641706 Handler error: Extra data: line 1 column 42 (char 41)
2025-12-15T20:12:50.641706 Handler error: Extra data: line 1 column 42 (char 41)
2025-12-15T20:12:50.654243 Handler error: Extra data: line 1 column 42 (char 41)
2025-12-15T20:12:50.658625 Handler error: Extra data: line 1 column 42 (char 41)
2025-12-15T20:12:50.665866 Handler error: Extra data: line 1 column 41 (char 40)
2025-12-15T20:12:50.673916 Handler error: Extra data: line 1 column 41 (char 40)
2025-12-15T20:12:50.673916 Handler error: Extra data: line 1 column 42 (char 41)
2025-12-15T20:12:50.685183 Handler error: Extra data: line 1 column 42 (char 41)
2025-12-15T20:12:50.692137 Handler error: Extra data: line 1 column 42 (char 41)
2025-12-15T20:12:50.694150 Handler error: Extra data: line 1 column 42 (char 41)
2025-12-15T20:12:50.705848 Handler error: Extra data: line 1 column 42 (char 41)
2025-12-15T20:12:50.710104 Handler error: Extra data: line 1 column 42 (char 41)
2025-12-15T20:12:50.730484 Received PUT rand_815.txt size=33 from ('127.0.0.1', 40700)
2025-12-15T20:12:51.201677 Handler error: Extra data: line 1 column 42 (char 41)
2025-12-15T20:12:51.204401 Handler error: Extra data: line 1 column 41 (char 40)
2025-12-15T20:12:51.215437 Handler error: Extra data: line 1 column 41 (char 40)
2025-12-15T20:12:51.231880 Received PUT rand_622.txt size=473 from ('127.0.0.1', 40705)
2025-12-15T20:12:51.255255 Handler error: Extra data: line 1 column 42 (char 41)
2025-12-15T20:12:51.257264 Handler error: Extra data: line 1 column 41 (char 40)
2025-12-15T20:12:51.264837 Handler error: Extra data: line 1 column 41 (char 40)
2025-12-15T20:12:51.270859 Handler error: Extra data: line 1 column 42 (char 41)
2025-12-15T20:12:51.279326 Handler error: Extra data: line 1 column 42 (char 41)
2025-12-15T20:12:51.287360 Handler error: Extra data: line 1 column 42 (char 41)
2025-12-15T20:12:51.292610 Handler error: Extra data: line 1 column 42 (char 41)
2025-12-15T20:12:51.303655 Handler error: Extra data: line 1 column 41 (char 40)
2025-12-15T20:12:51.307677 Handler error: Extra data: line 1 column 42 (char 41)
2025-12-15T20:12:51.328633 Received PUT rand_744.txt size=264 from ('127.0.0.1', 40715)
2025-12-15T20:12:51.377279 Received PUT rand_857.txt size=110 from ('127.0.0.1', 40716)
2025-12-15T20:13:00.711755 Handler error: Extra data: line 1 column 42 (char 41)
2025-12-15T20:13:00.736441 Received PUT rand_438.txt size=517 from ('127.0.0.1', 40725)
2025-12-15T20:13:00.769435 Received PUT rand_490.txt size=242 from ('127.0.0.1', 40726)
2025-12-15T20:13:00.861779 Handler error: Extra data: line 1 column 42 (char 41)
2025-12-15T20:13:00.883469 Received PUT rand_646.txt size=198 from ('127.0.0.1', 40728)
2025-12-15T20:13:01.086938 Handler error: Extra data: line 1 column 42 (char 41)
2025-12-15T20:13:01.115300 Received PUT rand_593.txt size=484 from ('127.0.0.1', 40730)
2025-12-15T20:13:01.131890 Received PUT rand_491.txt size=275 from ('127.0.0.1', 40732)
2025-12-15T20:13:01.237505 Handler error: Extra data: line 1 column 41 (char 40)
2025-12-15T20:13:01.256006 Received PUT rand_825.txt size=253 from ('127.0.0.1', 40734)
2025-12-15T20:13:01.754608 Received PUT rand_622.txt size=473 from ('127.0.0.1', 40735)
2025-12-15T20:13:01.839736 Handler error: Extra data: line 1 column 42 (char 41)
2025-12-15T20:13:01.852501 Handler error: Extra data: line 1 column 42 (char 41)
2025-12-15T20:13:01.866091 Handler error: Extra data: line 1 column 42 (char 41)
2025-12-15T20:13:01.873128 Handler error: Extra data: line 1 column 42 (char 41)
2025-12-15T20:13:01.876529 Handler error: Extra data: line 1 column 41 (char 40)
2025-12-15T20:13:01.888877 Handler error: Extra data: line 1 column 41 (char 40)
2025-12-15T20:13:01.893407 Handler error: Extra data: line 1 column 42 (char 41)
2025-12-15T20:13:01.893407 Handler error: Extra data: line 1 column 41 (char 40)
2025-12-15T20:13:01.901530 Handler error: Extra data: line 1 column 42 (char 41)
2025-12-15T20:13:01.903436 Handler error: Extra data: line 1 column 42 (char 41)
2025-12-15T20:13:01.905442 Handler error: Extra data: line 1 column 42 (char 41)
2025-12-15T20:13:01.909371 Handler error: Extra data: line 1 column 42 (char 41)
2025-12-15T20:13:01.910348 Handler error: Extra data: line 1 column 41 (char 40)
2025-12-15T20:13:01.917519 Handler error: Extra data: line 1 column 42 (char 41)
2025-12-15T20:13:01.919528 Handler error: Extra data: line 1 column 42 (char 41)
2025-12-15T20:13:01.923546 Handler error: Extra data: line 1 column 42 (char 41)
2025-12-15T20:13:01.923546 Handler error: Extra data: line 1 column 42 (char 41)
2025-12-15T20:13:01.928939 Handler error: Extra data: line 1 column 42 (char 41)
2025-12-15T20:13:01.928939 Handler error: Extra data: line 1 column 42 (char 41)
2025-12-15T20:13:01.933777 Handler error: Extra data: line 1 column 42 (char 41)
2025-12-15T20:13:01.937122 Handler error: Extra data: line 1 column 42 (char 41)
2025-12-15T20:13:01.941980 Handler error: Extra data: line 1 column 42 (char 41)
2025-12-15T20:13:01.948471 Handler error: Extra data: line 1 column 42 (char 41)
2025-12-15T20:13:01.950227 Received PUT rand_927.txt size=462 from ('127.0.0.1', 40756)
2025-12-15T20:13:01.975158 Received PUT rand_904.txt size=363 from ('127.0.0.1', 40761)
2025-12-15T20:13:11.254910 Handler error: Extra data: line 1 column 42 (char 41)
2025-12-15T20:13:11.268949 Handler error: Extra data: line 1 column 42 (char 41)
2025-12-15T20:13:11.270960 Handler error: Extra data: line 1 column 42 (char 41)
2025-12-15T20:13:11.276991 Handler error: Extra data: line 1 column 42 (char 41)
2025-12-15T20:13:11.281015 Handler error: Extra data: line 1 column 42 (char 41)
2025-12-15T20:13:11.281015 Handler error: Extra data: line 1 column 42 (char 41)
2025-12-15T20:13:11.288237 Handler error: Extra data: line 1 column 42 (char 41)
2025-12-15T20:13:11.291385 Handler error: Extra data: line 1 column 42 (char 41)
2025-12-15T20:13:11.299428 Handler error: Extra data: line 1 column 42 (char 41)
2025-12-15T20:13:11.299428 Handler error: Extra data: line 1 column 42 (char 41)
2025-12-15T20:13:11.302756 Handler error: Extra data: line 1 column 42 (char 41)
2025-12-15T20:13:11.306399 Handler error: Extra data: line 1 column 42 (char 41)
2025-12-15T20:13:11.310810 Handler error: Extra data: line 1 column 42 (char 41)
2025-12-15T20:13:11.310810 Handler error: Extra data: line 1 column 42 (char 41)
2025-12-15T20:13:11.317745 Handler error: Extra data: line 1 column 42 (char 41)
2025-12-15T20:13:11.323385 Handler error: Extra data: line 1 column 42 (char 41)
2025-12-15T20:13:11.331605 Received PUT rand_528.txt size=11 from ('127.0.0.1', 40783)
2025-12-15T20:13:11.326858 Handler error: Extra data: line 1 column 42 (char 41)
2025-12-15T20:13:11.340061 Handler error: Extra data: line 1 column 41 (char 40)
2025-12-15T20:13:11.343019 Handler error: Extra data: line 1 column 42 (char 41)
2025-12-15T20:13:11.364472 Received PUT rand_590.txt size=429 from ('127.0.0.1', 40788)
2025-12-15T20:13:11.393348 Handler error: Extra data: line 1 column 42 (char 41)
2025-12-15T20:13:11.414360 Received PUT rand_656.txt size=473 from ('127.0.0.1', 40790)
2025-12-15T20:13:11.627791 Handler error: Extra data: line 1 column 42 (char 41)
2025-12-15T20:13:11.640986 Handler error: Extra data: line 1 column 42 (char 41)
2025-12-15T20:13:11.644023 Handler error: Extra data: line 1 column 42 (char 41)
2025-12-15T20:13:11.649477 Handler error: Extra data: line 1 column 42 (char 41)
2025-12-15T20:13:11.650485 Handler error: Extra data: line 1 column 42 (char 41)
2025-12-15T20:13:11.656255 Handler error: Extra data: line 1 column 42 (char 41)
2025-12-15T20:13:11.660656 Handler error: Extra data: line 1 column 42 (char 41)
2025-12-15T20:13:11.660656 Handler error: Extra data: line 1 column 42 (char 41)
2025-12-15T20:13:11.672793 Handler error: Extra data: line 1 column 42 (char 41)
2025-12-15T20:13:11.676805 Received PUT rand_623.txt size=253 from ('127.0.0.1', 40796)
2025-12-15T20:13:11.676805 Handler error: Extra data: line 1 column 41 (char 40)
2025-12-15T20:13:11.693240 Received PUT rand_561.txt size=286 from ('127.0.0.1', 40802)
2025-12-15T20:13:11.769153 Handler error: Extra data: line 1 column 42 (char 41)
2025-12-15T20:13:11.782868 Received PUT rand_835.txt size=154 from ('127.0.0.1', 40804)
2025-12-15T20:13:12.267308 Handler error: Extra data: line 1 column 42 (char 41)
2025-12-15T20:13:12.273332 Handler error: Extra data: line 1 column 42 (char 41)
2025-12-15T20:13:12.291944 Handler error: Extra data: line 1 column 41 (char 40)
2025-12-15T20:13:12.299189 Handler error: Extra data: line 1 column 41 (char 40)
2025-12-15T20:13:12.302738 Handler error: Extra data: line 1 column 42 (char 41)
2025-12-15T20:13:12.304746 Handler error: Extra data: line 1 column 42 (char 41)
2025-12-15T20:13:12.311271 Handler error: Extra data: line 1 column 42 (char 41)
2025-12-15T20:13:12.329376 Received PUT rand_692.txt size=352 from ('127.0.0.1', 40813)
2025-12-15T20:13:12.453652 Handler error: Extra data: line 1 column 42 (char 41)
2025-12-15T20:13:12.459235 Handler error: Extra data: line 1 column 42 (char 41)
2025-12-15T20:13:12.467197 Handler error: Extra data: line 1 column 42 (char 41)
2025-12-15T20:13:12.471669 Handler error: Extra data: line 1 column 42 (char 41)
2025-12-15T20:13:12.477624 Handler error: Extra data: line 1 column 42 (char 41)
2025-12-15T20:13:12.487545 Handler error: Extra data: line 1 column 42 (char 41)
2025-12-15T20:13:12.489553 Handler error: Extra data: line 1 column 42 (char 41)
2025-12-15T20:13:12.490118 Handler error: Extra data: line 1 column 42 (char 41)
2025-12-15T20:13:12.494465 Handler error: Extra data: line 1 column 42 (char 41)
2025-12-15T20:13:12.494465 Handler error: Extra data: line 1 column 42 (char 41)
2025-12-15T20:13:12.510713 Received PUT rand_997.txt size=528 from ('127.0.0.1', 40824)
2025-12-15T20:13:12.510713 Received PUT rand_934.txt size=495 from ('127.0.0.1', 40825)
2025-12-15T20:13:21.862434 Received PUT rand_528.txt size=11 from ('127.0.0.1', 40833)
2025-12-15T20:13:21.881648 Handler error: Extra data: line 1 column 42 (char 41)
2025-12-15T20:13:21.887020 Handler error: Extra data: line 1 column 41 (char 40)
2025-12-15T20:13:21.890510 Handler error: Extra data: line 1 column 42 (char 41)
2025-12-15T20:13:21.911514 Received PUT rand_620.txt size=143 from ('127.0.0.1', 40837)
2025-12-15T20:13:21.943974 Received PUT rand_656.txt size=473 from ('127.0.0.1', 40838)
2025-12-15T20:13:22.189395 Handler error: Extra data: line 1 column 42 (char 41)
2025-12-15T20:13:22.191241 Handler error: Extra data: line 1 column 42 (char 41)
2025-12-15T20:13:22.199384 Handler error: Extra data: line 1 column 42 (char 41)
2025-12-15T20:13:22.207868 Handler error: Extra data: line 1 column 42 (char 41)
2025-12-15T20:13:22.207868 Handler error: Extra data: line 1 column 42 (char 41)
2025-12-15T20:13:22.216017 Handler error: Extra data: line 1 column 42 (char 41)
2025-12-15T20:13:22.216017 Handler error: Extra data: line 1 column 42 (char 41)
2025-12-15T20:13:22.224151 Handler error: Extra data: line 1 column 42 (char 41)
2025-12-15T20:13:22.224151 Handler error: Extra data: line 1 column 41 (char 40)
2025-12-15T20:13:22.232367 Handler error: Extra data: line 1 column 42 (char 41)
2025-12-15T20:13:22.232367 Handler error: Extra data: line 1 column 42 (char 41)
2025-12-15T20:13:22.244635 Handler error: Extra data: line 1 column 41 (char 40)
2025-12-15T20:13:22.246642 Handler error: Extra data: line 1 column 41 (char 40)
2025-12-15T20:13:22.250166 Handler error: Extra data: line 1 column 42 (char 41)
2025-12-15T20:13:22.250808 Handler error: Extra data: line 1 column 42 (char 41)
2025-12-15T20:13:22.254255 Handler error: Extra data: line 1 column 42 (char 41)
2025-12-15T20:13:22.259124 Handler error: Extra data: line 1 column 42 (char 41)
2025-12-15T20:13:22.265162 Received PUT rand_621.txt size=550 from ('127.0.0.1', 40855)
2025-12-15T20:13:22.265162 Handler error: Extra data: line 1 column 42 (char 41)
2025-12-15T20:13:22.289393 Received PUT rand_743.txt size=55 from ('127.0.0.1', 40858)
2025-12-15T20:13:22.289393 Handler error: Extra data: line 1 column 42 (char 41)
2025-12-15T20:13:22.291401 Handler error: Extra data: line 1 column 42 (char 41)
2025-12-15T20:13:22.297532 Handler error: Extra data: line 1 column 41 (char 40)
2025-12-15T20:13:22.321762 Received PUT rand_865.txt size=132 from ('127.0.0.1', 40862)
2025-12-15T20:13:22.839096 Received PUT rand_692.txt size=352 from ('127.0.0.1', 40863)
2025-12-15T20:13:23.025599 Handler error: Extra data: line 1 column 42 (char 41)
2025-12-15T20:13:23.025599 Handler error: Extra data: line 1 column 42 (char 41)
2025-12-15T20:13:23.047183 Received PUT rand_944.txt size=462 from ('127.0.0.1', 40867)
2025-12-15T20:13:35.179540 Received PUT Fases.png size=348352 from ('127.0.0.1', 40877)
2025-12-15T20:13:45.726878 Handler error: Extra data: line 1 column 42 (char 41)
2025-12-15T20:13:46.242996 Handler error: Extra data: line 1 column 42 (char 41)
2025-12-15T20:13:54.789274 Handler error: Extra data: line 1 column 42 (char 41)
2025-12-15T20:13:55.294668 Handler error: Extra data: line 1 column 42 (char 41)
2025-12-15T20:13:55.800236 Handler error: Extra data: line 1 column 42 (char 41)
2025-12-15T20:14:13.856395 Handler error: Extra data: line 1 column 42 (char 41)
2025-12-15T20:14:14.387755 Received PUT Fases.png size=348352 from ('127.0.0.1', 46280)
2025-12-15T20:14:24.892646 Handler error: Extra data: line 1 column 42 (char 41)
